<?xml version="1.0" encoding="UTF-8"?>
<!-- Generated by org.testng.reporters.JUnitXMLReporter -->
<testsuite ignored="0" hostname="LAPTOP-R619VCBQ" failures="2" tests="5" name="Test" time="26.584" errors="0" timestamp="2022-09-21T14:18:56 IST">
  <testcase classname="com.dataprovider.DPDemo" name="m1" time="0.0">
    <failure type="org.testng.TestNGException" message="
Method public void com.dataprovider.DPDemo.m1(java.lang.String,java.lang.String) requires a @DataProvider named : FirstDp in class com.dataprovider.StateData">
      <![CDATA[org.testng.TestNGException: 
Method public void com.dataprovider.DPDemo.m1(java.lang.String,java.lang.String) requires a @DataProvider named : FirstDp in class com.dataprovider.StateData
at java.base/java.util.ArrayList.forEach(ArrayList.java:1511)
... Removed 24 stack frames]]>
    </failure>
  </testcase> <!-- m1 -->
  <testcase classname="com.PavanBokadePackage.pavanBokadeClass" name="m101" time="15.628"/>
  <testcase classname="com.asserts.Soft" name="MyTest" time="0.007"/>
  <testcase classname="com.asserts.Soft" name="m1" time="0.029">
    <failure type="java.lang.AssertionError" message="expected [hii] but found [hello]">
      <![CDATA[java.lang.AssertionError: expected [hii] but found [hello]
at com.asserts.Soft.m1(Soft.java:17)
at java.base/java.util.ArrayList.forEach(ArrayList.java:1511)
... Removed 33 stack frames]]>
    </failure>
  </testcase> <!-- m1 -->
  <testcase classname="com.asserts.Soft" name="m11" time="10.616"/>
</testsuite> <!-- Test -->
