<?xml version="1.0" encoding="UTF-8"?>
<testng-results ignored="0" total="1" passed="1" failed="0" skipped="0">
  <reporter-output>
  </reporter-output>
  <suite started-at="2022-09-15T12:44:55 IST" name="Default suite" finished-at="2022-09-15T12:44:56 IST" duration-ms="80">
    <groups>
    </groups>
    <test started-at="2022-09-15T12:44:55 IST" name="Default test" finished-at="2022-09-15T12:44:56 IST" duration-ms="80">
      <class name="com.PavanBokadePackage.abc">
        <test-method signature="absb()[pri:0, instance:com.PavanBokadePackage.abc@1ed6388a]" started-at="2022-09-15T12:44:55 IST" name="absb" finished-at="2022-09-15T12:44:56 IST" duration-ms="9" status="PASS">
          <reporter-output>
          </reporter-output>
        </test-method> <!-- absb -->
      </class> <!-- com.PavanBokadePackage.abc -->
    </test> <!-- Default test -->
  </suite> <!-- Default suite -->
</testng-results>
